#
# There is insufficient memory for the Java Runtime Environment to continue.
# Native memory allocation (mmap) failed to map 65011712 bytes for G1 virtual space
# Possible reasons:
#   The system is out of physical RAM or swap space
#   The process is running with CompressedOops enabled, and the Java Heap may be blocking the growth of the native heap
# Possible solutions:
#   Reduce memory load on the system
#   Increase physical memory or swap space
#   Check if swap backing store is full
#   Decrease Java heap size (-Xmx/-Xms)
#   Decrease number of Java threads
#   Decrease Java thread stack sizes (-Xss)
#   Set larger code cache with -XX:ReservedCodeCacheSize=
#   JVM is running with Unscaled Compressed Oops mode in which the Java heap is
#     placed in the first 4GB address space. The Java Heap base address is the
#     maximum limit for the native heap growth. Please use -XX:HeapBaseMinAddress
#     to set the Java Heap base and to place the Java Heap above 4GB virtual address.
# This output file may be truncated or incomplete.
#
#  Out of Memory Error (os_windows.cpp:3535), pid=15712, tid=17152
#
# JRE version:  (17.0.3+7) (build )
# Java VM: OpenJDK 64-Bit Server VM (17.0.3+7, mixed mode, tiered, compressed oops, compressed class ptrs, g1 gc, windows-amd64)
# No core dump will be written. Minidumps are not enabled by default on client versions of Windows
#

---------------  S U M M A R Y ------------

Command Line: -Dfile.encoding=UTF-8 -XX:+ShowCodeDetailsInExceptionMessages --patch-module=interfaces=C:\Users\srini\Desktop\MyRepository\Interfaces\bin -Djdk.module.main=Nested Class Nested Class/interfac.InterfaceTest.java

Host: Intel(R) Celeron(R) N4020 CPU @ 1.10GHz, 2 cores, 3G,  Windows 11 , 64 bit Build 22000 (10.0.22000.708)
Time: Mon Aug  1 00:29:01 2022 Eastern Daylight Time elapsed time: 0.099160 seconds (0d 0h 0m 0s)

---------------  T H R E A D  ---------------

Current thread (0x0000023ab9f2f6b0):  JavaThread "Unknown thread" [_thread_in_vm, id=17152, stack(0x0000003cf0b00000,0x0000003cf0c00000)]

Stack: [0x0000003cf0b00000,0x0000003cf0c00000]
Native frames: (J=compiled Java code, j=interpreted, Vv=VM code, C=native code)
V  [jvm.dll+0x675efa]
V  [jvm.dll+0x830a24]
V  [jvm.dll+0x8321ce]
V  [jvm.dll+0x832833]
V  [jvm.dll+0x2454b5]
V  [jvm.dll+0x672de9]
V  [jvm.dll+0x667732]
V  [jvm.dll+0x3043ab]
V  [jvm.dll+0x30b8f6]
V  [jvm.dll+0x35b62e]
V  [jvm.dll+0x35b85f]
V  [jvm.dll+0x2db248]
V  [jvm.dll+0x2dc1b4]
V  [jvm.dll+0x802651]
V  [jvm.dll+0x3693b1]
V  [jvm.dll+0x7e1aac]
V  [jvm.dll+0x3ebd8f]
V  [jvm.dll+0x3ed911]
C  [jli.dll+0x5277]
C  [ucrtbase.dll+0x26c0c]
C  [KERNEL32.DLL+0x154e0]
C  [ntdll.dll+0x485b]


---------------  P R O C E S S  ---------------

Threads class SMR info:
_java_thread_list=0x00007ffbdf496e98, length=0, elements={
}

Java Threads: ( => current thread )

Other Threads:
  0x0000023ab9f68a40 GCTaskThread "GC Thread#0" [stack: 0x0000003cf0c00000,0x0000003cf0d00000] [id=12924]
  0x0000023ab9f71b60 ConcurrentGCThread "G1 Main Marker" [stack: 0x0000003cf0d00000,0x0000003cf0e00000] [id=2492]
  0x0000023ab9f72570 ConcurrentGCThread "G1 Conc#0" [stack: 0x0000003cf0e00000,0x0000003cf0f00000] [id=16432]

[error occurred during error reporting (printing all threads), id 0xc0000005, EXCEPTION_ACCESS_VIOLATION (0xc0000005) at pc=0x00007ffbdec6bcd7]

VM state: not at safepoint (not fully initialized)

VM Mutex/Monitor currently owned by a thread:  ([mutex/lock_event])
[0x0000023ab9f2aee0] Heap_lock - owner thread: 0x0000023ab9f2f6b0

Heap address: 0x00000000c2e00000, size: 978 MB, Compressed Oops mode: 32-bit

CDS archive(s) not mapped
Narrow klass base: 0x0000000000000000, Narrow klass shift: 0, Narrow klass range: 0x0

GC Precious Log:
<Empty>

Heap:
 garbage-first heap   total 0K, used 0K [0x00000000c2e00000, 0x0000000100000000)
  region size 1024K, 0 young (0K), 0 survivors (0K)

[error occurred during error reporting (printing heap information), id 0xc0000005, EXCEPTION_ACCESS_VIOLATION (0xc0000005) at pc=0x00007ffbdf04f249]

GC Heap History (0 events):
No events

Deoptimization events (0 events):
No events

Classes unloaded (0 events):
No events

Classes redefined (0 events):
No events

Internal exceptions (0 events):
No events

VM Operations (0 events):
No events

Events (1 events):
Event: 0.057 Loaded shared library C:\Users\srini\.p2\pool\plugins\org.eclipse.justj.openjdk.hotspot.jre.full.win32.x86_64_17.0.3.v20220515-1416\jre\bin\java.dll


Dynamic libraries:
0x00007ff6d9c10000 - 0x00007ff6d9c1e000 	C:\Users\srini\.p2\pool\plugins\org.eclipse.justj.openjdk.hotspot.jre.full.win32.x86_64_17.0.3.v20220515-1416\jre\bin\javaw.exe
0x00007ffca77c0000 - 0x00007ffca79c9000 	C:\WINDOWS\SYSTEM32\ntdll.dll
0x00007ffca6d70000 - 0x00007ffca6e2d000 	C:\WINDOWS\System32\KERNEL32.DLL
0x00007ffca52d0000 - 0x00007ffca5649000 	C:\WINDOWS\System32\KERNELBASE.dll
0x00007ffca4dc0000 - 0x00007ffca4ed1000 	C:\WINDOWS\System32\ucrtbase.dll
0x00007ffc88f30000 - 0x00007ffc88f48000 	C:\Users\srini\.p2\pool\plugins\org.eclipse.justj.openjdk.hotspot.jre.full.win32.x86_64_17.0.3.v20220515-1416\jre\bin\jli.dll
0x00007ffca5fa0000 - 0x00007ffca614c000 	C:\WINDOWS\System32\USER32.dll
0x00007ffca5130000 - 0x00007ffca5156000 	C:\WINDOWS\System32\win32u.dll
0x00007ffca5d90000 - 0x00007ffca5db9000 	C:\WINDOWS\System32\GDI32.dll
0x00007ffca4ca0000 - 0x00007ffca4db2000 	C:\WINDOWS\System32\gdi32full.dll
0x00007ffca5020000 - 0x00007ffca50bd000 	C:\WINDOWS\System32\msvcp_win.dll
0x00007ffc8a320000 - 0x00007ffc8a5c5000 	C:\WINDOWS\WinSxS\amd64_microsoft.windows.common-controls_6595b64144ccf1df_6.0.22000.120_none_9d947278b86cc467\COMCTL32.dll
0x00007ffca7350000 - 0x00007ffca73f3000 	C:\WINDOWS\System32\msvcrt.dll
0x00007ffc87d50000 - 0x00007ffc87d69000 	C:\Users\srini\.p2\pool\plugins\org.eclipse.justj.openjdk.hotspot.jre.full.win32.x86_64_17.0.3.v20220515-1416\jre\bin\VCRUNTIME140.dll
0x00007ffca6ae0000 - 0x00007ffca6b11000 	C:\WINDOWS\System32\IMM32.DLL
0x00007ffca00c0000 - 0x00007ffca00cc000 	C:\Users\srini\.p2\pool\plugins\org.eclipse.justj.openjdk.hotspot.jre.full.win32.x86_64_17.0.3.v20220515-1416\jre\bin\vcruntime140_1.dll
0x00007ffc7d6a0000 - 0x00007ffc7d731000 	C:\Users\srini\.p2\pool\plugins\org.eclipse.justj.openjdk.hotspot.jre.full.win32.x86_64_17.0.3.v20220515-1416\jre\bin\msvcp140.dll
0x00007ffbde980000 - 0x00007ffbdf5c8000 	C:\Users\srini\.p2\pool\plugins\org.eclipse.justj.openjdk.hotspot.jre.full.win32.x86_64_17.0.3.v20220515-1416\jre\bin\server\jvm.dll
0x00007ffca6cc0000 - 0x00007ffca6d6e000 	C:\WINDOWS\System32\ADVAPI32.dll
0x00007ffca71d0000 - 0x00007ffca726e000 	C:\WINDOWS\System32\sechost.dll
0x00007ffca7510000 - 0x00007ffca7630000 	C:\WINDOWS\System32\RPCRT4.dll
0x00007ffca6e30000 - 0x00007ffca6e38000 	C:\WINDOWS\System32\PSAPI.DLL
0x00007ffc771d0000 - 0x00007ffc771d9000 	C:\WINDOWS\SYSTEM32\WSOCK32.dll
0x00007ffca7270000 - 0x00007ffca72df000 	C:\WINDOWS\System32\WS2_32.dll
0x00007ffc9de40000 - 0x00007ffc9de73000 	C:\WINDOWS\SYSTEM32\WINMM.dll
0x00007ffc9de20000 - 0x00007ffc9de2a000 	C:\WINDOWS\SYSTEM32\VERSION.dll
0x00007ffca3da0000 - 0x00007ffca3db8000 	C:\WINDOWS\SYSTEM32\kernel.appcore.dll
0x00007ffc89190000 - 0x00007ffc8919a000 	C:\Users\srini\.p2\pool\plugins\org.eclipse.justj.openjdk.hotspot.jre.full.win32.x86_64_17.0.3.v20220515-1416\jre\bin\jimage.dll
0x00007ffca2940000 - 0x00007ffca2b61000 	C:\WINDOWS\SYSTEM32\DBGHELP.DLL
0x00007ffc85f00000 - 0x00007ffc85f31000 	C:\WINDOWS\SYSTEM32\dbgcore.DLL
0x00007ffca4ee0000 - 0x00007ffca4f5f000 	C:\WINDOWS\System32\bcryptPrimitives.dll
0x00007ffc85150000 - 0x00007ffc85175000 	C:\Users\srini\.p2\pool\plugins\org.eclipse.justj.openjdk.hotspot.jre.full.win32.x86_64_17.0.3.v20220515-1416\jre\bin\java.dll

dbghelp: loaded successfully - version: 4.0.5 - missing functions: none
symbol engine: initialized successfully - sym options: 0x614 - pdb path: .;C:\Users\srini\.p2\pool\plugins\org.eclipse.justj.openjdk.hotspot.jre.full.win32.x86_64_17.0.3.v20220515-1416\jre\bin;C:\WINDOWS\SYSTEM32;C:\WINDOWS\WinSxS\amd64_microsoft.windows.common-controls_6595b64144ccf1df_6.0.22000.120_none_9d947278b86cc467;C:\Users\srini\.p2\pool\plugins\org.eclipse.justj.openjdk.hotspot.jre.full.win32.x86_64_17.0.3.v20220515-1416\jre\bin\server

VM Arguments:
jvm_args: -Dfile.encoding=UTF-8 -XX:+ShowCodeDetailsInExceptionMessages --patch-module=interfaces=C:\Users\srini\Desktop\MyRepository\Interfaces\bin -Djdk.module.main=Nested Class 
java_command: Nested Class/interfac.InterfaceTest.java
java_class_path (initial): <not set>
Launcher Type: SUN_STANDARD

[Global flags]
     intx CICompilerCount                          = 2                                         {product} {ergonomic}
     uint ConcGCThreads                            = 1                                         {product} {ergonomic}
     uint G1ConcRefinementThreads                  = 2                                         {product} {ergonomic}
   size_t G1HeapRegionSize                         = 1048576                                   {product} {ergonomic}
    uintx GCDrainStackTargetSize                   = 64                                        {product} {ergonomic}
   size_t InitialHeapSize                          = 65011712                                  {product} {ergonomic}
   size_t MarkStackSize                            = 4194304                                   {product} {ergonomic}
   size_t MaxHeapSize                              = 1025507328                                {product} {ergonomic}
   size_t MinHeapDeltaBytes                        = 1048576                                   {product} {ergonomic}
   size_t MinHeapSize                              = 8388608                                   {product} {ergonomic}
    uintx NonNMethodCodeHeapSize                   = 5826188                                {pd product} {ergonomic}
    uintx NonProfiledCodeHeapSize                  = 122916026                              {pd product} {ergonomic}
    uintx ProfiledCodeHeapSize                     = 122916026                              {pd product} {ergonomic}
    uintx ReservedCodeCacheSize                    = 251658240                              {pd product} {ergonomic}
     bool SegmentedCodeCache                       = true                                      {product} {ergonomic}
     bool ShowCodeDetailsInExceptionMessages       = true                                   {manageable} {command line}
   size_t SoftMaxHeapSize                          = 1025507328                             {manageable} {ergonomic}
     bool UseCompressedClassPointers               = true                           {product lp64_product} {ergonomic}
     bool UseCompressedOops                        = true                           {product lp64_product} {ergonomic}
     bool UseG1GC                                  = true                                      {product} {ergonomic}
     bool UseLargePagesIndividualAllocation        = false                                  {pd product} {ergonomic}

Logging:
Log output configuration:
 #0: stdout all=warning uptime,level,tags
 #1: stderr all=off uptime,level,tags

Environment Variables:
PATH=C:/Users/srini/.p2/pool/plugins/org.eclipse.justj.openjdk.hotspot.jre.full.win32.x86_64_17.0.3.v20220515-1416/jre/bin/server;C:/Users/srini/.p2/pool/plugins/org.eclipse.justj.openjdk.hotspot.jre.full.win32.x86_64_17.0.3.v20220515-1416/jre/bin;C:\Program Files (x86)\Common Files\Oracle\Java\javapath;C:\WINDOWS\system32;C:\WINDOWS;C:\WINDOWS\System32\Wbem;C:\WINDOWS\System32\WindowsPowerShell\v1.0\;C:\WINDOWS\System32\OpenSSH\;C:\Users\srini\AppData\Local\Microsoft\WindowsApps;C:\ProgramData\srini\GitHubDesktop\bin;C:\Users\srini\OneDrive\Desktop;
USERNAME=srini
OS=Windows_NT
PROCESSOR_IDENTIFIER=Intel64 Family 6 Model 122 Stepping 8, GenuineIntel



---------------  S Y S T E M  ---------------

OS:
 Windows 11 , 64 bit Build 22000 (10.0.22000.708)
OS uptime: 1 days 14:02 hours

CPU: total 2 (initial active 2) (2 cores per cpu, 1 threads per core) family 6 model 122 stepping 8 microcode 0x18, cx8, cmov, fxsr, mmx, 3dnowpref, sse, sse2, sse3, ssse3, sse4.1, sse4.2, popcnt, tsc, tscinvbit, aes, erms, clmul, sha, clflush, clflushopt

Memory: 4k page, system-wide physical 3911M (249M free)
TotalPageFile size 11258M (AvailPageFile size 36M)
current process WorkingSet (physical memory assigned to process): 10M, peak: 10M
current process commit charge ("private bytes"): 47M, peak: 109M

vm_info: OpenJDK 64-Bit Server VM (17.0.3+7) for windows-amd64 JRE (17.0.3+7), built on Apr 19 2022 16:55:35 by "" with MS VC++ 16.7 (VS2019)

END.
